2024-10-02 01:57:57,375 [INFO] Activator:176 - 


2024-10-02 01:57:57,376 [INFO] Activator:177 - !SESSION log4j initialized
2024-10-02 01:58:00,585 [INFO] LogOutputStream:77 - [STDOUT_REDIRECT] 
2024-10-02 01:58:03,880 [INFO] ApplicationProperties:184 - Using Application install path: C:\STM32\STM32CubeIDE_1.16.0\STM32CubeIDE\plugins\com.st.stm32cube.common.mx_6.12.0.202406281431
2024-10-02 01:58:03,906 [INFO] DbMcusXml:78 - Set database path to: C:\STM32\STM32CubeIDE_1.16.0\STM32CubeIDE\plugins\com.st.stm32cube.common.mx_6.12.0.202406281431\\db\/mcu/
2024-10-02 01:58:03,907 [INFO] ApiDb:274 - Set plugin database path to: C:\STM32\STM32CubeIDE_1.16.0\STM32CubeIDE\plugins\com.st.stm32cube.common.mx_6.12.0.202406281431\\db\/plugins/boardmanager/
2024-10-02 01:58:03,907 [WARN] ApiDb:259 - Overriding images path with different value:  => C:\STM32\STM32CubeIDE_1.16.0\STM32CubeIDE\plugins\com.st.stm32cube.common.mx_6.12.0.202406281431\\db\/plugins/mcufinder/images/
2024-10-02 01:58:03,919 [INFO] ApiDb:250 - Set database path to: C:\Users\dangq\.stmcufinder\plugins\mcufinder//mcu/
2024-10-02 01:58:03,921 [INFO] DbMcusAds:125 - Set database path to: C:\Users\dangq\.stmcufinder\plugins\mcufinder//mcu/
2024-10-02 01:58:04,712 [INFO] CrossReferenceDbSqlite:203 - Set database path to: C:\Users\dangq\.stmcufinder\plugins\mcufinder//mcu/cs/
2024-10-02 01:58:04,861 [INFO] RulesReader:64 - Compatibility file has been processed (297 Rules)
2024-10-02 01:58:04,974 [INFO] DbMcusXml:78 - Set database path to: C:\STM32\STM32CubeIDE_1.16.0\STM32CubeIDE\plugins\com.st.stm32cube.common.mx_6.12.0.202406281431\\db\/mcu/
2024-10-02 01:58:04,974 [INFO] ApiDb:274 - Set plugin database path to: C:\STM32\STM32CubeIDE_1.16.0\STM32CubeIDE\plugins\com.st.stm32cube.common.mx_6.12.0.202406281431\\db\/plugins/boardmanager/
2024-10-02 01:58:04,974 [INFO] ApiDb:261 - Set plugin images path to: C:\STM32\STM32CubeIDE_1.16.0\STM32CubeIDE\plugins\com.st.stm32cube.common.mx_6.12.0.202406281431\\db\/plugins/mcufinder/images/
2024-10-02 01:58:04,975 [WARN] DbFile:41 - Overriding database path with different value: C:\Users\dangq\.stmcufinder\plugins\mcufinder/ => C:\Users\dangq\.stmcufinder\plugins\mcufinder
2024-10-02 01:58:04,975 [INFO] ApiDb:250 - Set database path to: C:\Users\dangq\.stmcufinder\plugins\mcufinder//mcu/
2024-10-02 01:58:04,975 [WARN] DbFile:41 - Overriding database path with different value: C:\Users\dangq\.stmcufinder\plugins\mcufinder/ => C:\Users\dangq\.stmcufinder\plugins\mcufinder
2024-10-02 01:58:04,975 [INFO] DbMcusAds:125 - Set database path to: C:\Users\dangq\.stmcufinder\plugins\mcufinder//mcu/
2024-10-02 01:58:04,975 [WARN] DbFile:41 - Overriding database path with different value: C:\Users\dangq\.stmcufinder\plugins\mcufinder/ => C:\Users\dangq\.stmcufinder\plugins\mcufinder
2024-10-02 01:58:04,975 [WARN] DbFile:41 - Overriding database path with different value: C:\Users\dangq\.stmcufinder\plugins\mcufinder/ => C:\Users\dangq\.stmcufinder\plugins\mcufinder
2024-10-02 01:58:05,723 [INFO] CrossReferenceDbSqlite:203 - Set database path to: C:\Users\dangq\.stmcufinder\plugins\mcufinder//mcu/cs/
2024-10-02 01:58:05,833 [INFO] MainPanel:268 - HeapMemory: 268435456
2024-10-02 01:58:05,993 [INFO] DbMcusXml:78 - Set database path to: C:\STM32\STM32CubeIDE_1.16.0\STM32CubeIDE\plugins\com.st.stm32cube.common.mx_6.12.0.202406281431\\db\/mcu/
2024-10-02 01:58:05,993 [INFO] ApiDb:274 - Set plugin database path to: C:\STM32\STM32CubeIDE_1.16.0\STM32CubeIDE\plugins\com.st.stm32cube.common.mx_6.12.0.202406281431\\db\/plugins/boardmanager/
2024-10-02 01:58:05,993 [INFO] ApiDb:261 - Set plugin images path to: C:\STM32\STM32CubeIDE_1.16.0\STM32CubeIDE\plugins\com.st.stm32cube.common.mx_6.12.0.202406281431\\db\/plugins/mcufinder/images/
2024-10-02 01:58:05,994 [WARN] DbFile:41 - Overriding database path with different value: C:\Users\dangq\.stmcufinder\plugins\mcufinder/ => C:\Users\dangq\.stmcufinder\plugins\mcufinder
2024-10-02 01:58:05,994 [INFO] ApiDb:250 - Set database path to: C:\Users\dangq\.stmcufinder\plugins\mcufinder//mcu/
2024-10-02 01:58:05,994 [WARN] DbFile:41 - Overriding database path with different value: C:\Users\dangq\.stmcufinder\plugins\mcufinder/ => C:\Users\dangq\.stmcufinder\plugins\mcufinder
2024-10-02 01:58:05,994 [INFO] DbMcusAds:125 - Set database path to: C:\Users\dangq\.stmcufinder\plugins\mcufinder//mcu/
2024-10-02 01:58:05,994 [WARN] DbFile:41 - Overriding database path with different value: C:\Users\dangq\.stmcufinder\plugins\mcufinder/ => C:\Users\dangq\.stmcufinder\plugins\mcufinder
2024-10-02 01:58:05,994 [WARN] DbFile:41 - Overriding database path with different value: C:\Users\dangq\.stmcufinder\plugins\mcufinder/ => C:\Users\dangq\.stmcufinder\plugins\mcufinder
2024-10-02 01:58:06,711 [INFO] CrossReferenceDbSqlite:203 - Set database path to: C:\Users\dangq\.stmcufinder\plugins\mcufinder//mcu/cs/
2024-10-02 01:58:06,743 [INFO] ApplicationProperties:184 - Using Application install path: C:\STM32\STM32CubeIDE_1.16.0\STM32CubeIDE\plugins\com.st.stm32cube.common.mx_6.12.0.202406281431
2024-10-02 01:58:06,745 [INFO] PluginManage:196 - Search for loadable plugins [exclusion list=, ]
2024-10-02 01:58:06,749 [INFO] PluginManage:310 - Check plugin analytics
2024-10-02 01:58:07,817 [INFO] AnalyticsPlugin:253 - Accepted Software Licenses: 
2024-10-02 01:58:07,817 [INFO] AnalyticsPlugin:255 - Accepted CMSIS Pack Licenses: 
2024-10-02 01:58:07,817 [INFO] AnalyticsPlugin:257 - Accepted Firmware Licenses: 
2024-10-02 01:58:07,820 [INFO] PluginManage:359 - Loaded plugin analytics (category:tool,tabindex:-1)
2024-10-02 01:58:07,821 [INFO] PluginManage:310 - Check plugin cadmodel
2024-10-02 01:58:07,828 [INFO] CADModel:105 - Init CAD model plugin
2024-10-02 01:58:07,828 [INFO] PluginManage:359 - Loaded plugin cadmodel (category:power,tabindex:5)
2024-10-02 01:58:07,828 [INFO] PluginManage:310 - Check plugin clock
2024-10-02 01:58:07,842 [INFO] PluginManage:359 - Loaded plugin clock (category:base,tabindex:2)
2024-10-02 01:58:07,842 [INFO] PluginManage:310 - Check plugin ddr
2024-10-02 01:58:07,846 [INFO] PluginManage:359 - Loaded plugin ddr (category:tool,tabindex:6)
2024-10-02 01:58:07,846 [INFO] PluginManage:310 - Check plugin filemanager
2024-10-02 01:58:08,065 [INFO] PluginManage:359 - Loaded plugin filemanager (category:base,tabindex:10)
2024-10-02 01:58:08,066 [INFO] PluginManage:310 - Check plugin ipmanager
2024-10-02 01:58:08,082 [INFO] PluginManage:359 - Loaded plugin ipmanager (category:base,tabindex:5)
2024-10-02 01:58:08,083 [INFO] PluginManage:310 - Check plugin lpbam
2024-10-02 01:58:08,096 [INFO] PluginManage:359 - Loaded plugin lpbam (category:base,tabindex:0)
2024-10-02 01:58:08,096 [INFO] PluginManage:310 - Check plugin memorymap
2024-10-02 01:58:08,111 [INFO] PluginManage:359 - Loaded plugin memorymap (category:base,tabindex:4)
2024-10-02 01:58:08,111 [INFO] PluginManage:310 - Check plugin pinoutandconfiguration
2024-10-02 01:58:08,120 [INFO] PluginManage:359 - Loaded plugin pinoutandconfiguration (category:base,tabindex:1)
2024-10-02 01:58:08,120 [INFO] PluginManage:310 - Check plugin pinoutconfig
2024-10-02 01:58:08,213 [WARN] SupportedApi:132 - Cannot load RTOS API schema: s4s-elt-must-match.1: The content of 'definitions' must match (annotation?, (simpleType | complexType)?, (unique | key | keyref)*)). A problem was found starting at: attribute.
2024-10-02 01:58:08,352 [INFO] PluginManage:359 - Loaded plugin pinoutconfig (category:base,tabindex:0)
2024-10-02 01:58:08,352 [INFO] PluginManage:310 - Check plugin power
2024-10-02 01:58:08,363 [INFO] PluginManage:359 - Loaded plugin power (category:power,tabindex:4)
2024-10-02 01:58:08,363 [INFO] PluginManage:310 - Check plugin projectmanager
2024-10-02 01:58:08,379 [INFO] PluginManage:359 - Loaded plugin projectmanager (category:projectmanager,tabindex:4)
2024-10-02 01:58:08,379 [INFO] PluginManage:310 - Check plugin rif
2024-10-02 01:58:08,389 [INFO] PluginManage:359 - Loaded plugin rif (category:base,tabindex:3)
2024-10-02 01:58:08,389 [INFO] PluginManage:310 - Check plugin thirdparty
2024-10-02 01:58:08,533 [INFO] PluginManage:359 - Loaded plugin thirdparty (category:base,tabindex:-1)
2024-10-02 01:58:08,533 [WARN] IntegrityCheckThread:84 - waiting for thirdparty lock release [integrity check]
2024-10-02 01:58:08,533 [INFO] PluginManage:310 - Check plugin tools
2024-10-02 01:58:08,533 [INFO] IntegrityCheckThread:86 - entering critical section [integrity check]
2024-10-02 01:58:08,534 [INFO] ThirdPartyUpdaterWithRetryManager:70 - Updater plugin not ready yet. [1/15]
2024-10-02 01:58:08,537 [INFO] PluginManage:359 - Loaded plugin tools (category:base,tabindex:7)
2024-10-02 01:58:08,537 [INFO] PluginManage:310 - Check plugin tutovideos
2024-10-02 01:58:08,729 [INFO] PluginManage:359 - Loaded plugin tutovideos (category:base,tabindex:-1)
2024-10-02 01:58:08,729 [INFO] PluginManage:310 - Check plugin updater
2024-10-02 01:58:08,748 [INFO] PluginManage:359 - Loaded plugin updater (category:base,tabindex:12)
2024-10-02 01:58:08,748 [INFO] PluginManage:310 - Check plugin userauth
2024-10-02 01:58:08,755 [INFO] UserAuth:113 - Init User Auth plugin
2024-10-02 01:58:08,755 [INFO] PluginManage:359 - Loaded plugin userauth (category:base,tabindex:14)
2024-10-02 01:58:08,755 [INFO] PluginManage:283 - PluginManage : Loaded plugins [18]
2024-10-02 01:58:08,971 [INFO] PinOutPanel:1561 - setPackage(No Configuration,No Configuration)
2024-10-02 01:58:09,076 [INFO] CADModel:165 - CPN selected for project level
2024-10-02 01:58:09,076 [INFO] CADModel:114 - Register for checkConnection events
2024-10-02 01:58:09,099 [INFO] IPUIPlugin:80 - create IPUIPlugin
2024-10-02 01:58:09,099 [INFO] PluginManager:220 - loadIPPluginJar : add adc
2024-10-02 01:58:09,103 [INFO] IPUIPlugin:80 - create IPUIPlugin
2024-10-02 01:58:09,103 [INFO] PluginManager:220 - loadIPPluginJar : add aes
2024-10-02 01:58:09,106 [INFO] IPUIPlugin:80 - create IPUIPlugin
2024-10-02 01:58:09,106 [INFO] PluginManager:220 - loadIPPluginJar : add can
2024-10-02 01:58:09,108 [INFO] IPUIPlugin:80 - create IPUIPlugin
2024-10-02 01:58:09,108 [INFO] PluginManager:220 - loadIPPluginJar : add comp
2024-10-02 01:58:09,111 [INFO] IPUIPlugin:80 - create IPUIPlugin
2024-10-02 01:58:09,111 [INFO] PluginManager:220 - loadIPPluginJar : add cryp
2024-10-02 01:58:09,115 [INFO] IPUIPlugin:80 - create IPUIPlugin
2024-10-02 01:58:09,115 [INFO] PluginManager:220 - loadIPPluginJar : add ddr_ctrl_phy
2024-10-02 01:58:09,118 [INFO] IPUIPlugin:80 - create IPUIPlugin
2024-10-02 01:58:09,119 [INFO] PluginManager:220 - loadIPPluginJar : add dfsdm
2024-10-02 01:58:09,125 [INFO] IPUIPlugin:80 - create IPUIPlugin
2024-10-02 01:58:09,126 [INFO] PluginManager:220 - loadIPPluginJar : add dma
2024-10-02 01:58:09,129 [INFO] IPUIPlugin:80 - create IPUIPlugin
2024-10-02 01:58:09,129 [INFO] PluginManager:220 - loadIPPluginJar : add dma3
2024-10-02 01:58:09,132 [INFO] IPUIPlugin:80 - create IPUIPlugin
2024-10-02 01:58:09,133 [INFO] PluginManager:220 - loadIPPluginJar : add extmemmanager
2024-10-02 01:58:09,135 [INFO] IPUIPlugin:80 - create IPUIPlugin
2024-10-02 01:58:09,136 [INFO] PluginManager:220 - loadIPPluginJar : add fatfs
2024-10-02 01:58:09,141 [INFO] IPUIPlugin:80 - create IPUIPlugin
2024-10-02 01:58:09,141 [INFO] PluginManager:220 - loadIPPluginJar : add fmc
2024-10-02 01:58:09,148 [INFO] IPUIPlugin:80 - create IPUIPlugin
2024-10-02 01:58:09,148 [INFO] PluginManager:220 - loadIPPluginJar : add freertos
2024-10-02 01:58:09,150 [INFO] IPUIPlugin:80 - create IPUIPlugin
2024-10-02 01:58:09,150 [INFO] PluginManager:220 - loadIPPluginJar : add genericplugin
2024-10-02 01:58:09,153 [INFO] IPUIPlugin:80 - create IPUIPlugin
2024-10-02 01:58:09,154 [INFO] PluginManager:220 - loadIPPluginJar : add gfxmmu
2024-10-02 01:58:09,159 [INFO] IPUIPlugin:80 - create IPUIPlugin
2024-10-02 01:58:09,159 [INFO] PluginManager:220 - loadIPPluginJar : add gic
2024-10-02 01:58:09,164 [INFO] IPUIPlugin:80 - create IPUIPlugin
2024-10-02 01:58:09,164 [INFO] PluginManager:220 - loadIPPluginJar : add gpio
2024-10-02 01:58:09,168 [INFO] IPUIPlugin:80 - create IPUIPlugin
2024-10-02 01:58:09,168 [INFO] PluginManager:220 - loadIPPluginJar : add gtzc
2024-10-02 01:58:09,171 [INFO] IPUIPlugin:80 - create IPUIPlugin
2024-10-02 01:58:09,171 [INFO] PluginManager:220 - loadIPPluginJar : add hash
2024-10-02 01:58:09,174 [INFO] IPUIPlugin:80 - create IPUIPlugin
2024-10-02 01:58:09,174 [INFO] PluginManager:220 - loadIPPluginJar : add i2c
2024-10-02 01:58:09,178 [INFO] IPUIPlugin:80 - create IPUIPlugin
2024-10-02 01:58:09,178 [INFO] PluginManager:220 - loadIPPluginJar : add i2s
2024-10-02 01:58:09,181 [INFO] IPUIPlugin:80 - create IPUIPlugin
2024-10-02 01:58:09,181 [INFO] PluginManager:220 - loadIPPluginJar : add i3c
2024-10-02 01:58:09,185 [INFO] IPUIPlugin:80 - create IPUIPlugin
2024-10-02 01:58:09,186 [INFO] PluginManager:220 - loadIPPluginJar : add ipddr
2024-10-02 01:58:09,194 [INFO] IPUIPlugin:80 - create IPUIPlugin
2024-10-02 01:58:09,194 [INFO] PluginManager:220 - loadIPPluginJar : add linkedlist
2024-10-02 01:58:09,197 [INFO] IPUIPlugin:80 - create IPUIPlugin
2024-10-02 01:58:09,197 [INFO] PluginManager:220 - loadIPPluginJar : add lorawan
2024-10-02 01:58:09,198 [INFO] IPUIPlugin:80 - create IPUIPlugin
2024-10-02 01:58:09,198 [INFO] PluginManager:220 - loadIPPluginJar : add ltdc
2024-10-02 01:58:09,203 [INFO] IPUIPlugin:80 - create IPUIPlugin
2024-10-02 01:58:09,204 [INFO] PluginManager:220 - loadIPPluginJar : add mdma
2024-10-02 01:58:09,207 [INFO] IPUIPlugin:80 - create IPUIPlugin
2024-10-02 01:58:09,207 [INFO] PluginManager:220 - loadIPPluginJar : add nvic
2024-10-02 01:58:09,209 [INFO] IPUIPlugin:80 - create IPUIPlugin
2024-10-02 01:58:09,210 [INFO] PluginManager:220 - loadIPPluginJar : add opamp
2024-10-02 01:58:09,213 [INFO] IPUIPlugin:80 - create IPUIPlugin
2024-10-02 01:58:09,213 [INFO] PluginManager:220 - loadIPPluginJar : add openamp
2024-10-02 01:58:09,216 [INFO] IPUIPlugin:80 - create IPUIPlugin
2024-10-02 01:58:09,216 [INFO] PluginManager:220 - loadIPPluginJar : add pdm2pcm
2024-10-02 01:58:09,222 [INFO] IPUIPlugin:80 - create IPUIPlugin
2024-10-02 01:58:09,224 [INFO] PluginManager:220 - loadIPPluginJar : add plateformsettings
2024-10-02 01:58:09,225 [INFO] IPUIPlugin:80 - create IPUIPlugin
2024-10-02 01:58:09,225 [INFO] PluginManager:220 - loadIPPluginJar : add quadspi
2024-10-02 01:58:09,227 [INFO] IPUIPlugin:80 - create IPUIPlugin
2024-10-02 01:58:09,228 [INFO] PluginManager:220 - loadIPPluginJar : add radio
2024-10-02 01:58:09,232 [INFO] IPUIPlugin:80 - create IPUIPlugin
2024-10-02 01:58:09,232 [INFO] PluginManager:220 - loadIPPluginJar : add resmgrutility
2024-10-02 01:58:09,235 [INFO] IPUIPlugin:80 - create IPUIPlugin
2024-10-02 01:58:09,235 [INFO] PluginManager:220 - loadIPPluginJar : add sai
2024-10-02 01:58:09,237 [INFO] IPUIPlugin:80 - create IPUIPlugin
2024-10-02 01:58:09,237 [INFO] PluginManager:220 - loadIPPluginJar : add spi
2024-10-02 01:58:09,242 [INFO] IPUIPlugin:80 - create IPUIPlugin
2024-10-02 01:58:09,242 [INFO] PluginManager:220 - loadIPPluginJar : add stm32_wpan
2024-10-02 01:58:09,244 [INFO] IPUIPlugin:80 - create IPUIPlugin
2024-10-02 01:58:09,244 [INFO] PluginManager:220 - loadIPPluginJar : add tim
2024-10-02 01:58:09,247 [INFO] IPUIPlugin:80 - create IPUIPlugin
2024-10-02 01:58:09,247 [INFO] PluginManager:220 - loadIPPluginJar : add touchsensing
2024-10-02 01:58:09,249 [INFO] IPUIPlugin:80 - create IPUIPlugin
2024-10-02 01:58:09,249 [INFO] PluginManager:220 - loadIPPluginJar : add tracer_emb
2024-10-02 01:58:09,251 [INFO] IPUIPlugin:80 - create IPUIPlugin
2024-10-02 01:58:09,251 [INFO] PluginManager:220 - loadIPPluginJar : add ts
2024-10-02 01:58:09,252 [INFO] IPUIPlugin:80 - create IPUIPlugin
2024-10-02 01:58:09,252 [INFO] PluginManager:220 - loadIPPluginJar : add tsc
2024-10-02 01:58:09,254 [INFO] IPUIPlugin:80 - create IPUIPlugin
2024-10-02 01:58:09,254 [INFO] PluginManager:220 - loadIPPluginJar : add ucpd
2024-10-02 01:58:09,257 [INFO] IPUIPlugin:80 - create IPUIPlugin
2024-10-02 01:58:09,257 [INFO] PluginManager:220 - loadIPPluginJar : add usart
2024-10-02 01:58:09,259 [INFO] IPUIPlugin:80 - create IPUIPlugin
2024-10-02 01:58:09,259 [INFO] PluginManager:220 - loadIPPluginJar : add usbx
2024-10-02 01:58:09,374 [INFO] CADModel:165 - CPN selected for project level
2024-10-02 01:58:09,375 [INFO] CADModel:114 - Register for checkConnection events
2024-10-02 01:58:09,375 [FATAL] Updater:334 - Updater called before beeing initialized
2024-10-02 01:58:09,375 [ERROR] CADModel:125 - Updater not yet initialized, retry later 
2024-10-02 01:58:09,572 [INFO] CADModel:165 - CPN selected for project level
2024-10-02 01:58:09,573 [INFO] CADModel:114 - Register for checkConnection events
2024-10-02 01:58:09,573 [FATAL] Updater:334 - Updater called before beeing initialized
2024-10-02 01:58:09,573 [ERROR] CADModel:125 - Updater not yet initialized, retry later 
2024-10-02 01:58:09,577 [FATAL] Updater:334 - Updater called before beeing initialized
2024-10-02 01:58:09,680 [FATAL] Updater:334 - Updater called before beeing initialized
2024-10-02 01:58:09,683 [INFO] DbMcusAds:53 - JSON generation date=Fri Sep 20 20:04:23 ICT 2024 (1726837463113)
2024-10-02 01:58:09,684 [FATAL] Updater:334 - Updater called before beeing initialized
2024-10-02 01:58:09,723 [WARN] DetailPanel:346 - Failed to get advertising image, set to default
2024-10-02 01:58:09,806 [FATAL] Updater:334 - Updater called before beeing initialized
2024-10-02 01:58:09,808 [FATAL] Updater:334 - Updater called before beeing initialized
2024-10-02 01:58:09,808 [FATAL] Updater:334 - Updater called before beeing initialized
2024-10-02 01:58:09,808 [WARN] DetailPanel:346 - Failed to get advertising image, set to default
2024-10-02 01:58:09,809 [FATAL] Updater:334 - Updater called before beeing initialized
2024-10-02 01:58:09,856 [ERROR] Updater:1164 - MainUpdater not yet initialized. External WinMGr cannot be set.
2024-10-02 01:58:09,859 [INFO] Updater:1100 - Updater Version found : 6.12.0
2024-10-02 01:58:09,881 [INFO] ApplicationProperties:184 - Using Application install path: C:\STM32\STM32CubeIDE_1.16.0\STM32CubeIDE\plugins\com.st.stm32cube.common.mx_6.12.0.202406281431
2024-10-02 01:58:11,461 [ERROR] LogOutputStream:75 - [STDERR_REDIRECT] Oct 02, 2024 1:58:11 AM java.util.prefs.WindowsPreferences <init>
2024-10-02 01:58:11,464 [ERROR] LogOutputStream:75 - [STDERR_REDIRECT] WARNING: Could not open/create prefs root node Software\JavaSoft\Prefs at root 0xffffffff80000002. Windows RegCreateKeyEx(...) returned error code 5.
2024-10-02 01:58:11,464 [ERROR] LogOutputStream:75 - [STDERR_REDIRECT] 
2024-10-02 01:58:11,536 [INFO] ThirdPartyUpdaterWithRetryManager:70 - Updater plugin not ready yet. [2/15]
2024-10-02 01:58:11,760 [INFO] MainUpdater:2873 - connection check result : 10
2024-10-02 01:58:11,761 [INFO] MainUpdater:290 - Updater Check For Update Now.
2024-10-02 01:58:11,761 [INFO] MicroXplorer:498 - Change Database Version : DB.6.0.120
2024-10-02 01:58:11,770 [INFO] McuFinderGlobals:63 - Set McuFinder mode to 2 (CubeIDE integrated)
2024-10-02 01:58:11,770 [INFO] UserAuth:179 - activating auth plugin
2024-10-02 01:58:11,773 [INFO] UserAuth:417 - Internet connection configuration mode: 1
2024-10-02 01:58:11,797 [INFO] JxBrowserEngine:152 - Initiate JxBrowser Engine with user profile folder
2024-10-02 01:58:11,973 [INFO] CheckServerUpdateThread:120 - End of CheckServer Thread
2024-10-02 01:58:13,967 [INFO] WebApp:167 - Instantiating new browser for Auth
2024-10-02 01:58:14,925 [WARN] PackLoader:240 - Cannot read IP mode file for STMicroelectronics.FP-SNS-MOTENVWB1.1.4.0
2024-10-02 01:58:14,949 [WARN] PackLoader:240 - Cannot read IP mode file for STMicroelectronics.X-CUBE-SMBUS.2.1.0
2024-10-02 01:58:15,043 [WARN] PackLoader:240 - Cannot read IP mode file for STMicroelectronics.X-CUBE-AZRTOS-F7.1.1.0
2024-10-02 01:58:15,202 [WARN] PackLoader:240 - Cannot read IP mode file for STMicroelectronics.X-CUBE-MEMS1.11.0.0
2024-10-02 01:58:15,613 [WARN] PackLoader:240 - Cannot read IP mode file for STMicroelectronics.FP-SNS-FLIGHT1.5.0.2
2024-10-02 01:58:15,642 [WARN] PackLoader:240 - Cannot read IP mode file for STMicroelectronics.X-CUBE-DISPLAY.3.0.0
2024-10-02 01:58:15,663 [WARN] PackLoader:240 - Cannot read IP mode file for STMicroelectronics.X-CUBE-BLE1.7.0.0
2024-10-02 01:58:15,674 [WARN] PackLoader:240 - Cannot read IP mode file for STMicroelectronics.X-CUBE-NFC10.1.0.0
2024-10-02 01:58:15,684 [WARN] PackLoader:240 - Cannot read IP mode file for emotas.I-CUBE-CANOPEN.1.3.0
2024-10-02 01:58:15,700 [WARN] PackLoader:240 - Cannot read IP mode file for STMicroelectronics.X-CUBE-BLEMGR.3.1.0
2024-10-02 01:58:15,711 [WARN] PackLoader:240 - Cannot read IP mode file for STMicroelectronics.FP-SNS-SMARTAG2.1.2.0
2024-10-02 01:58:15,764 [INFO] LogOutputStream:77 - [STDOUT_REDIRECT] 1 : Invalid condition id : UX_CORESTACK_Condition cause : null
2024-10-02 01:58:15,830 [INFO] LogOutputStream:77 - [STDOUT_REDIRECT] 1 : Invalid condition id : UX_CORESTACK_Condition cause : null
2024-10-02 01:58:15,832 [INFO] LogOutputStream:77 - [STDOUT_REDIRECT] 1 : Invalid condition id : UX_CORESTACK_Condition cause : null
2024-10-02 01:58:15,833 [INFO] LogOutputStream:77 - [STDOUT_REDIRECT] 1 : Invalid condition id : UX_CORESTACK_Condition cause : null
2024-10-02 01:58:15,834 [INFO] LogOutputStream:77 - [STDOUT_REDIRECT] 1 : Invalid condition id : UX_CORESTACK_Condition cause : null
2024-10-02 01:58:15,841 [WARN] PackLoader:240 - Cannot read IP mode file for STMicroelectronics.X-CUBE-AZRTOS-WL.2.0.0
2024-10-02 01:58:16,216 [WARN] PackLoader:240 - Cannot read IP mode file for STMicroelectronics.FP-SNS-MOTENV1.5.0.0
2024-10-02 01:58:16,225 [WARN] PackLoader:240 - Cannot read IP mode file for wolfSSL.I-CUBE-wolfMQTT.1.19.0
2024-10-02 01:58:16,241 [WARN] PackLoader:240 - Cannot read IP mode file for WES.I-CUBE-Cesium.1.3.0
2024-10-02 01:58:16,249 [WARN] PackLoader:240 - Cannot read IP mode file for STMicroelectronics.X-CUBE-BLE2.3.3.0
2024-10-02 01:58:16,267 [WARN] PackLoader:240 - Cannot read IP mode file for STMicroelectronics.X-CUBE-NFC9.1.0.0
2024-10-02 01:58:16,282 [WARN] PackLoader:240 - Cannot read IP mode file for STMicroelectronics.X-CUBE-TCPP.4.1.0
2024-10-02 01:58:16,333 [WARN] PackLoader:240 - Cannot read IP mode file for STMicroelectronics.X-CUBE-AZRTOS-G0.1.1.0
2024-10-02 01:58:16,367 [WARN] PackLoader:240 - Cannot read IP mode file for STMicroelectronics.X-CUBE-SAFEA1.1.2.2
2024-10-02 01:58:16,387 [WARN] PackLoader:240 - Cannot read IP mode file for STMicroelectronics.X-CUBE-NFC4.3.0.0
2024-10-02 01:58:16,426 [WARN] PackLoader:240 - Cannot read IP mode file for EmbeddedOffice.I-CUBE-FS-RTOS.1.0.1
2024-10-02 01:58:16,427 [ERROR] ConditionMgr:805 - Attr not supported : Dmpu
2024-10-02 01:58:16,427 [ERROR] ConditionMgr:805 - Attr not supported : Dmpu
2024-10-02 01:58:16,427 [ERROR] ConditionMgr:805 - Attr not supported : Dmpu
2024-10-02 01:58:16,427 [ERROR] ConditionMgr:805 - Attr not supported : Dmpu
2024-10-02 01:58:16,427 [ERROR] ConditionMgr:805 - Attr not supported : Dmpu
2024-10-02 01:58:16,427 [ERROR] ConditionMgr:805 - Attr not supported : Dmpu
2024-10-02 01:58:16,427 [ERROR] ConditionMgr:805 - Attr not supported : Dmpu
2024-10-02 01:58:16,427 [ERROR] ConditionMgr:805 - Attr not supported : Dmpu
2024-10-02 01:58:16,427 [ERROR] ConditionMgr:805 - Attr not supported : Dmpu
2024-10-02 01:58:16,427 [ERROR] ConditionMgr:805 - Attr not supported : Dmpu
2024-10-02 01:58:16,427 [ERROR] ConditionMgr:805 - Attr not supported : Dmpu
2024-10-02 01:58:16,427 [ERROR] ConditionMgr:805 - Attr not supported : Dmpu
2024-10-02 01:58:16,428 [ERROR] ConditionMgr:805 - Attr not supported : Dmpu
2024-10-02 01:58:16,428 [ERROR] ConditionMgr:805 - Attr not supported : Dmpu
2024-10-02 01:58:16,428 [ERROR] ConditionMgr:805 - Attr not supported : Dmpu
2024-10-02 01:58:16,428 [ERROR] ConditionMgr:805 - Attr not supported : Dmpu
2024-10-02 01:58:16,428 [ERROR] ConditionMgr:805 - Attr not supported : Dmpu
2024-10-02 01:58:16,428 [ERROR] ConditionMgr:805 - Attr not supported : Dmpu
2024-10-02 01:58:16,428 [ERROR] ConditionMgr:805 - Attr not supported : Dmpu
2024-10-02 01:58:16,428 [ERROR] ConditionMgr:805 - Attr not supported : Dmpu
2024-10-02 01:58:16,428 [ERROR] ConditionMgr:805 - Attr not supported : Dmpu
2024-10-02 01:58:16,428 [ERROR] ConditionMgr:805 - Attr not supported : Dmpu
2024-10-02 01:58:16,428 [ERROR] ConditionMgr:805 - Attr not supported : Dmpu
2024-10-02 01:58:16,428 [ERROR] ConditionMgr:805 - Attr not supported : Dmpu
2024-10-02 01:58:16,429 [ERROR] ConditionMgr:805 - Attr not supported : Dmpu
2024-10-02 01:58:16,429 [ERROR] ConditionMgr:805 - Attr not supported : Dmpu
2024-10-02 01:58:16,429 [ERROR] ConditionMgr:805 - Attr not supported : Dmpu
2024-10-02 01:58:16,429 [ERROR] ConditionMgr:805 - Attr not supported : Dmpu
2024-10-02 01:58:16,429 [ERROR] ConditionMgr:805 - Attr not supported : Dmpu
2024-10-02 01:58:16,429 [ERROR] ConditionMgr:805 - Attr not supported : Dmpu
2024-10-02 01:58:16,431 [ERROR] ConditionMgr:805 - Attr not supported : Dmpu
2024-10-02 01:58:16,432 [ERROR] ConditionMgr:805 - Attr not supported : Dmpu
2024-10-02 01:58:16,432 [ERROR] ConditionMgr:805 - Attr not supported : Dmpu
2024-10-02 01:58:16,432 [ERROR] ConditionMgr:805 - Attr not supported : Dmpu
2024-10-02 01:58:16,432 [ERROR] ConditionMgr:805 - Attr not supported : Dmpu
2024-10-02 01:58:16,432 [ERROR] ConditionMgr:805 - Attr not supported : Dmpu
2024-10-02 01:58:16,432 [ERROR] ConditionMgr:805 - Attr not supported : Dmpu
2024-10-02 01:58:16,432 [ERROR] ConditionMgr:805 - Attr not supported : Dmpu
2024-10-02 01:58:16,433 [ERROR] ConditionMgr:805 - Attr not supported : Dmpu
2024-10-02 01:58:16,433 [ERROR] ConditionMgr:805 - Attr not supported : Dmpu
2024-10-02 01:58:16,433 [ERROR] ConditionMgr:805 - Attr not supported : Dmpu
2024-10-02 01:58:16,433 [ERROR] ConditionMgr:805 - Attr not supported : Dmpu
2024-10-02 01:58:16,433 [ERROR] ConditionMgr:805 - Attr not supported : Dmpu
2024-10-02 01:58:16,433 [ERROR] ConditionMgr:805 - Attr not supported : Dmpu
2024-10-02 01:58:16,433 [ERROR] ConditionMgr:805 - Attr not supported : Dmpu
2024-10-02 01:58:16,433 [ERROR] ConditionMgr:805 - Attr not supported : Dmpu
2024-10-02 01:58:16,433 [ERROR] ConditionMgr:805 - Attr not supported : Dmpu
2024-10-02 01:58:16,433 [ERROR] ConditionMgr:805 - Attr not supported : Dmpu
2024-10-02 01:58:16,434 [ERROR] ConditionMgr:805 - Attr not supported : Dmpu
2024-10-02 01:58:16,434 [ERROR] ConditionMgr:805 - Attr not supported : Dmpu
2024-10-02 01:58:16,434 [ERROR] ConditionMgr:805 - Attr not supported : Dmpu
2024-10-02 01:58:16,434 [ERROR] ConditionMgr:805 - Attr not supported : Dmpu
2024-10-02 01:58:16,434 [ERROR] ConditionMgr:805 - Attr not supported : Dmpu
2024-10-02 01:58:16,434 [ERROR] ConditionMgr:805 - Attr not supported : Dmpu
2024-10-02 01:58:16,434 [ERROR] ConditionMgr:805 - Attr not supported : Dmpu
2024-10-02 01:58:16,434 [ERROR] ConditionMgr:805 - Attr not supported : Dmpu
2024-10-02 01:58:16,434 [ERROR] ConditionMgr:805 - Attr not supported : Dmpu
2024-10-02 01:58:16,434 [ERROR] ConditionMgr:805 - Attr not supported : Dmpu
2024-10-02 01:58:16,434 [ERROR] ConditionMgr:805 - Attr not supported : Dmpu
2024-10-02 01:58:16,434 [ERROR] ConditionMgr:805 - Attr not supported : Dmpu
2024-10-02 01:58:16,435 [ERROR] ConditionMgr:805 - Attr not supported : Dmpu
2024-10-02 01:58:16,435 [ERROR] ConditionMgr:805 - Attr not supported : Dmpu
2024-10-02 01:58:16,435 [ERROR] ConditionMgr:805 - Attr not supported : Dmpu
2024-10-02 01:58:16,435 [ERROR] ConditionMgr:805 - Attr not supported : Dmpu
2024-10-02 01:58:16,470 [WARN] PackLoader:240 - Cannot read IP mode file for RealThread.X-CUBE-RT-Thread_Nano.4.1.1
2024-10-02 01:58:16,478 [WARN] PackLoader:240 - Cannot read IP mode file for STMicroelectronics.FP-ATR-SIGFOX1.3.2.0
2024-10-02 01:58:16,486 [WARN] PackLoader:240 - Cannot read IP mode file for wolfSSL.I-CUBE-wolfSSL.5.7.2
2024-10-02 01:58:16,507 [WARN] PackLoader:240 - Cannot read IP mode file for STMicroelectronics.X-CUBE-EEPRMA1.5.1.0
2024-10-02 01:58:16,683 [WARN] PackLoader:240 - Cannot read IP mode file for ITTIA_DB.I-CUBE-ITTIADB.8.9.0
2024-10-02 01:58:16,788 [INFO] WebApp:448 - Apply proxy settings
2024-10-02 01:58:16,797 [INFO] WebApp:533 - Chromium requires no authentication
2024-10-02 01:58:16,818 [INFO] WebApp:476 - Direct internet connection detected
2024-10-02 01:58:16,851 [WARN] PackLoader:240 - Cannot read IP mode file for SEGGER.I-CUBE-embOS.1.3.1
2024-10-02 01:58:16,891 [INFO] WebApp:869 - Register for checkConnection events
2024-10-02 01:58:16,892 [INFO] WebApp:448 - Apply proxy settings
2024-10-02 01:58:16,892 [INFO] WebApp:533 - Chromium requires no authentication
2024-10-02 01:58:16,893 [INFO] WebApp:476 - Direct internet connection detected
2024-10-02 01:58:16,900 [WARN] PackLoader:240 - Cannot read IP mode file for STMicroelectronics.X-CUBE-ALGOBUILD.1.4.0
2024-10-02 01:58:16,915 [WARN] PackLoader:240 - Cannot read IP mode file for STMicroelectronics.X-CUBE-AZRTOS-F4.1.1.0
2024-10-02 01:58:16,996 [WARN] PackLoader:240 - Cannot read IP mode file for STMicroelectronics.X-CUBE-ISPU.2.1.0
2024-10-02 01:58:17,018 [WARN] PackLoader:240 - Cannot read IP mode file for STMicroelectronics.X-CUBE-FREERTOS.1.2.0
2024-10-02 01:58:17,041 [WARN] PackLoader:240 - Cannot read IP mode file for STMicroelectronics.X-CUBE-AZRTOS-L5.2.0.0
2024-10-02 01:58:17,051 [WARN] PackLoader:240 - Cannot read IP mode file for STMicroelectronics.X-CUBE-NFC6.3.1.0
2024-10-02 01:58:17,058 [WARN] PackLoader:240 - Cannot read IP mode file for STMicroelectronics.X-CUBE-DPower.1.2.0
2024-10-02 01:58:17,062 [WARN] PackLoader:240 - Cannot read IP mode file for STMicroelectronics.X-CUBE-AI.9.0.0
2024-10-02 01:58:17,067 [WARN] PackLoader:240 - Cannot read IP mode file for STMicroelectronics.X-CUBE-NFC7.1.0.1
2024-10-02 01:58:17,083 [WARN] ConditionMgr:438 - getConditionDescription Invalid condition id : LAN8742 Phy interface Condition cause : null
2024-10-02 01:58:17,084 [WARN] PackLoader:240 - Cannot read IP mode file for STMicroelectronics.X-CUBE-AZRTOS-L4.2.0.0
2024-10-02 01:58:17,085 [WARN] ConditionMgr:1039 - genDependencies : Invalid condition id : LAN8742 Phy interface Condition cause : null
2024-10-02 01:58:17,086 [WARN] ConditionMgr:1039 - genDependencies : Invalid condition id : LAN8742 Phy interface Condition cause : null
2024-10-02 01:58:17,086 [WARN] ConditionMgr:1039 - genDependencies : Invalid condition id : LAN8742 Phy interface Condition cause : null
2024-10-02 01:58:17,096 [WARN] PackLoader:240 - Cannot read IP mode file for STMicroelectronics.X-CUBE-SFXS2LP1.4.0.0
2024-10-02 01:58:17,122 [WARN] PackLoader:240 - Cannot read IP mode file for STMicroelectronics.X-CUBE-AZRTOS-H7.3.3.0
2024-10-02 01:58:17,150 [WARN] ConditionMgr:438 - getConditionDescription Invalid condition id : UX DEVICE CLASS RTOS Condition cause : null
2024-10-02 01:58:17,151 [WARN] ConditionMgr:438 - getConditionDescription Invalid condition id : UX DEVICE CLASS RTOS Condition cause : null
2024-10-02 01:58:17,153 [WARN] PackLoader:240 - Cannot read IP mode file for STMicroelectronics.X-CUBE-AZRTOS-WB.2.0.0
2024-10-02 01:58:17,154 [WARN] ConditionMgr:1039 - genDependencies : Invalid condition id : UX DEVICE CLASS RTOS Condition cause : null
2024-10-02 01:58:17,155 [WARN] ConditionMgr:1039 - genDependencies : Invalid condition id : UX DEVICE CLASS RTOS Condition cause : null
2024-10-02 01:58:17,155 [WARN] ConditionMgr:1039 - genDependencies : Invalid condition id : UX DEVICE CLASS RTOS Condition cause : null
2024-10-02 01:58:17,156 [WARN] ConditionMgr:1039 - genDependencies : Invalid condition id : UX DEVICE CLASS RTOS Condition cause : null
2024-10-02 01:58:17,156 [WARN] ConditionMgr:1039 - genDependencies : Invalid condition id : UX DEVICE CLASS RTOS Condition cause : null
2024-10-02 01:58:17,170 [WARN] PackLoader:240 - Cannot read IP mode file for STMicroelectronics.X-CUBE-GNSS1.7.0.0
2024-10-02 01:58:17,176 [INFO] WebApp:186 - Connection restablished
2024-10-02 01:58:17,198 [WARN] PackLoader:240 - Cannot read IP mode file for STMicroelectronics.X-CUBE-SUBG2.5.0.0
2024-10-02 01:58:17,285 [WARN] PackLoader:240 - Cannot read IP mode file for Cesanta.I-CUBE-Mongoose.7.13.0
2024-10-02 01:58:17,345 [WARN] PackLoader:240 - Cannot read IP mode file for STMicroelectronics.X-CUBE-AZRTOS-G4.2.0.0
2024-10-02 01:58:17,353 [WARN] PackLoader:240 - Cannot read IP mode file for STMicroelectronics.X-CUBE-ISPU.2.0.0
2024-10-02 01:58:17,363 [WARN] PackLoader:240 - Cannot read IP mode file for STMicroelectronics.X-CUBE-ALS.1.0.2
2024-10-02 01:58:17,372 [WARN] PackLoader:240 - Cannot read IP mode file for STMicroelectronics.X-CUBE-TOUCHGFX.4.24.0
2024-10-02 01:58:17,378 [WARN] PackLoader:240 - Cannot read IP mode file for STMicroelectronics.X-CUBE-TOUCHGFX.4.24.1
2024-10-02 01:58:17,385 [WARN] PackLoader:240 - Cannot read IP mode file for wolfSSL.I-CUBE-wolfTPM.3.4.0
2024-10-02 01:58:17,394 [WARN] PackLoader:240 - Cannot read IP mode file for portGmbH.I-Cube-SoM-uGOAL.1.1.0
2024-10-02 01:58:17,414 [INFO] WebApp:220 - Starting web application
2024-10-02 01:58:17,414 [INFO] WebApp:578 - Web application path used C:\STM32\STM32CubeIDE_1.16.0\STM32CubeIDE\plugins\com.st.stm32cube.common.mx_6.12.0.202406281431\db\plugins\mcufinder\reactClient1\index.html
2024-10-02 01:58:17,416 [WARN] PackLoader:240 - Cannot read IP mode file for STMicroelectronics.X-CUBE-AZRTOS-H7RS.1.0.0
2024-10-02 01:58:17,430 [WARN] PackLoader:240 - Cannot read IP mode file for STMicroelectronics.FP-ATR-ASTRA1.2.0.0
2024-10-02 01:58:17,461 [WARN] PackLoader:240 - Cannot read IP mode file for STMicroelectronics.X-CUBE-TOF1.3.4.2
2024-10-02 01:58:17,533 [WARN] PackLoader:240 - Cannot read IP mode file for Infineon.AIROC-Wi-Fi-Bluetooth-STM32.1.6.1
2024-10-02 01:58:17,549 [WARN] PackLoader:240 - Cannot read IP mode file for wolfSSL.I-CUBE-wolfSSH.1.4.17
2024-10-02 01:58:17,552 [INFO] ThirdParty:978 - Integrity check success = true
2024-10-02 01:58:17,553 [INFO] IntegrityCheckThread:100 - exiting critical section [integrity check]
2024-10-02 01:58:17,553 [INFO] IntegrityCheckThread:103 - End integrity checks thread
2024-10-02 01:58:31,770 [ERROR] LogOutputStream:75 - [STDERR_REDIRECT] 
